<?xml version="1.0" encoding="UTF-8"?>
<!-- Generated by org.testng.reporters.JUnitReportReporter -->
<testsuite hostname="TTU00389" name="IP.TestIP" tests="1" failures="0" timestamp="1 Aug 2014 07:36:48 GMT" time="0.000" errors="0">
  <testcase name="Test" time="0.000" classname="IP.TestIP"/>
</testsuite> <!-- IP.TestIP -->
