<?xml version="1.0" encoding="UTF-8"?>
<!-- Generated by org.testng.reporters.JUnitReportReporter -->
<testsuite hostname="TTU00389" name="IP.TestOP" tests="1" failures="0" timestamp="29 Jul 2014 14:37:36 GMT" time="0.002" errors="0">
  <testcase name="Test" time="0.002" classname="IP.TestOP"/>
</testsuite> <!-- IP.TestOP -->
